19-Sep-2021 14:19:00.474 정보 [main] org.apache.catalina.startup.VersionLoggerListener.log 서버 버전 이름:    Apache Tomcat/8.5.71
19-Sep-2021 14:19:00.496 정보 [main] org.apache.catalina.startup.VersionLoggerListener.log Server 빌드 시각:  Sep 9 2021 18:43:14 UTC
19-Sep-2021 14:19:00.497 정보 [main] org.apache.catalina.startup.VersionLoggerListener.log Server 버전 번호:  8.5.71.0
19-Sep-2021 14:19:00.497 정보 [main] org.apache.catalina.startup.VersionLoggerListener.log 운영체제 이름:     Windows 10
19-Sep-2021 14:19:00.498 정보 [main] org.apache.catalina.startup.VersionLoggerListener.log 운영체제 버전:     10.0
19-Sep-2021 14:19:00.498 정보 [main] org.apache.catalina.startup.VersionLoggerListener.log 아키텍처:          amd64
19-Sep-2021 14:19:00.498 정보 [main] org.apache.catalina.startup.VersionLoggerListener.log 자바 홈:           C:\Program Files\Java\jdk1.8.0_281\jre
19-Sep-2021 14:19:00.499 정보 [main] org.apache.catalina.startup.VersionLoggerListener.log JVM 버전:          1.8.0_281-b09
19-Sep-2021 14:19:00.499 정보 [main] org.apache.catalina.startup.VersionLoggerListener.log JVM 벤더:          Oracle Corporation
19-Sep-2021 14:19:00.499 정보 [main] org.apache.catalina.startup.VersionLoggerListener.log CATALINA_BASE:     C:\Users\JYJ\Desktop\JavaCourse\myproject\JSP\apache-tomcat-8.5.71
19-Sep-2021 14:19:00.500 정보 [main] org.apache.catalina.startup.VersionLoggerListener.log CATALINA_HOME:     C:\Users\JYJ\Desktop\JavaCourse\myproject\JSP\apache-tomcat-8.5.71
19-Sep-2021 14:19:00.502 정보 [main] org.apache.catalina.startup.VersionLoggerListener.log 명령 행 아규먼트:  -Djava.util.logging.config.file=C:\Users\JYJ\Desktop\JavaCourse\myproject\JSP\apache-tomcat-8.5.71\conf\logging.properties
19-Sep-2021 14:19:00.504 정보 [main] org.apache.catalina.startup.VersionLoggerListener.log 명령 행 아규먼트:  -Djava.util.logging.manager=org.apache.juli.ClassLoaderLogManager
19-Sep-2021 14:19:00.506 정보 [main] org.apache.catalina.startup.VersionLoggerListener.log 명령 행 아규먼트:  -Djdk.tls.ephemeralDHKeySize=2048
19-Sep-2021 14:19:00.507 정보 [main] org.apache.catalina.startup.VersionLoggerListener.log 명령 행 아규먼트:  -Djava.protocol.handler.pkgs=org.apache.catalina.webresources
19-Sep-2021 14:19:00.509 정보 [main] org.apache.catalina.startup.VersionLoggerListener.log 명령 행 아규먼트:  -Dignore.endorsed.dirs=
19-Sep-2021 14:19:00.511 정보 [main] org.apache.catalina.startup.VersionLoggerListener.log 명령 행 아규먼트:  -Dcatalina.base=C:\Users\JYJ\Desktop\JavaCourse\myproject\JSP\apache-tomcat-8.5.71
19-Sep-2021 14:19:00.513 정보 [main] org.apache.catalina.startup.VersionLoggerListener.log 명령 행 아규먼트:  -Dcatalina.home=C:\Users\JYJ\Desktop\JavaCourse\myproject\JSP\apache-tomcat-8.5.71
19-Sep-2021 14:19:00.514 정보 [main] org.apache.catalina.startup.VersionLoggerListener.log 명령 행 아규먼트:  -Djava.io.tmpdir=C:\Users\JYJ\Desktop\JavaCourse\myproject\JSP\apache-tomcat-8.5.71\temp
19-Sep-2021 14:19:00.516 정보 [main] org.apache.catalina.core.AprLifecycleListener.lifecycleEvent APR 버전 [1.7.0]을(를) 사용한, APR 기반 Apache Tomcat Native 라이브러리 [1.2.31]을(를) 로드했습니다.
19-Sep-2021 14:19:00.528 정보 [main] org.apache.catalina.core.AprLifecycleListener.lifecycleEvent APR 용량정보들: IPv6 [true], sendfile [true], accept filters [false], random [true].
19-Sep-2021 14:19:00.530 정보 [main] org.apache.catalina.core.AprLifecycleListener.lifecycleEvent APR/OpenSSL 설정: useAprConnector [false], useOpenSSL [true]
19-Sep-2021 14:19:00.545 정보 [main] org.apache.catalina.core.AprLifecycleListener.initializeSSL OpenSSL이 성공적으로 초기화되었습니다: [OpenSSL 1.1.1l  24 Aug 2021]
19-Sep-2021 14:19:00.881 정보 [main] org.apache.coyote.AbstractProtocol.init 프로토콜 핸들러 ["http-nio-8080"]을(를) 초기화합니다.
19-Sep-2021 14:19:01.232 정보 [main] org.apache.tomcat.util.net.NioSelectorPool.getSharedSelector Using a shared selector for servlet write/read
19-Sep-2021 14:19:01.300 정보 [main] org.apache.catalina.startup.Catalina.load Initialization processed in 1807 ms
19-Sep-2021 14:19:01.438 정보 [main] org.apache.catalina.core.StandardService.startInternal 서비스 [Catalina]을(를) 시작합니다.
19-Sep-2021 14:19:01.444 정보 [main] org.apache.catalina.core.StandardEngine.startInternal 서버 엔진을 시작합니다: [Apache Tomcat/8.5.71]
19-Sep-2021 14:19:01.473 정보 [localhost-startStop-1] org.apache.catalina.startup.HostConfig.deployDirectory 웹 애플리케이션 디렉토리 [C:\Users\JYJ\Desktop\JavaCourse\myproject\JSP\apache-tomcat-8.5.71\webapps\docs]을(를) 배치합니다.
19-Sep-2021 14:19:02.086 정보 [localhost-startStop-1] org.apache.catalina.startup.HostConfig.deployDirectory 웹 애플리케이션 디렉토리 [C:\Users\JYJ\Desktop\JavaCourse\myproject\JSP\apache-tomcat-8.5.71\webapps\docs]에 대한 배치가 [609] 밀리초에 완료되었습니다.
19-Sep-2021 14:19:02.100 정보 [localhost-startStop-1] org.apache.catalina.startup.HostConfig.deployDirectory 웹 애플리케이션 디렉토리 [C:\Users\JYJ\Desktop\JavaCourse\myproject\JSP\apache-tomcat-8.5.71\webapps\examples]을(를) 배치합니다.
19-Sep-2021 14:19:02.921 정보 [localhost-startStop-1] org.apache.catalina.startup.HostConfig.deployDirectory 웹 애플리케이션 디렉토리 [C:\Users\JYJ\Desktop\JavaCourse\myproject\JSP\apache-tomcat-8.5.71\webapps\examples]에 대한 배치가 [821] 밀리초에 완료되었습니다.
19-Sep-2021 14:19:02.926 정보 [localhost-startStop-1] org.apache.catalina.startup.HostConfig.deployDirectory 웹 애플리케이션 디렉토리 [C:\Users\JYJ\Desktop\JavaCourse\myproject\JSP\apache-tomcat-8.5.71\webapps\host-manager]을(를) 배치합니다.
19-Sep-2021 14:19:03.004 정보 [localhost-startStop-1] org.apache.catalina.startup.HostConfig.deployDirectory 웹 애플리케이션 디렉토리 [C:\Users\JYJ\Desktop\JavaCourse\myproject\JSP\apache-tomcat-8.5.71\webapps\host-manager]에 대한 배치가 [78] 밀리초에 완료되었습니다.
19-Sep-2021 14:19:03.009 정보 [localhost-startStop-1] org.apache.catalina.startup.HostConfig.deployDirectory 웹 애플리케이션 디렉토리 [C:\Users\JYJ\Desktop\JavaCourse\myproject\JSP\apache-tomcat-8.5.71\webapps\manager]을(를) 배치합니다.
19-Sep-2021 14:19:03.070 정보 [localhost-startStop-1] org.apache.catalina.startup.HostConfig.deployDirectory 웹 애플리케이션 디렉토리 [C:\Users\JYJ\Desktop\JavaCourse\myproject\JSP\apache-tomcat-8.5.71\webapps\manager]에 대한 배치가 [62] 밀리초에 완료되었습니다.
19-Sep-2021 14:19:03.076 정보 [localhost-startStop-1] org.apache.catalina.startup.HostConfig.deployDirectory 웹 애플리케이션 디렉토리 [C:\Users\JYJ\Desktop\JavaCourse\myproject\JSP\apache-tomcat-8.5.71\webapps\ROOT]을(를) 배치합니다.
19-Sep-2021 14:19:03.123 정보 [localhost-startStop-1] org.apache.catalina.startup.HostConfig.deployDirectory 웹 애플리케이션 디렉토리 [C:\Users\JYJ\Desktop\JavaCourse\myproject\JSP\apache-tomcat-8.5.71\webapps\ROOT]에 대한 배치가 [47] 밀리초에 완료되었습니다.
19-Sep-2021 14:19:03.134 정보 [main] org.apache.coyote.AbstractProtocol.start 프로토콜 핸들러 ["http-nio-8080"]을(를) 시작합니다.
19-Sep-2021 14:19:03.157 정보 [main] org.apache.catalina.startup.Catalina.start Server startup in 1855 ms
