17-Oct-2021 01:09:50.031 정보 [main] org.apache.catalina.startup.VersionLoggerListener.log 서버 버전 이름:    Apache Tomcat/9.0.54
17-Oct-2021 01:09:50.041 정보 [main] org.apache.catalina.startup.VersionLoggerListener.log Server 빌드 시각:  Sep 28 2021 13:51:49 UTC
17-Oct-2021 01:09:50.041 정보 [main] org.apache.catalina.startup.VersionLoggerListener.log Server 버전 번호:  9.0.54.0
17-Oct-2021 01:09:50.041 정보 [main] org.apache.catalina.startup.VersionLoggerListener.log 운영체제 이름:     Windows 10
17-Oct-2021 01:09:50.042 정보 [main] org.apache.catalina.startup.VersionLoggerListener.log 운영체제 버전:     10.0
17-Oct-2021 01:09:50.042 정보 [main] org.apache.catalina.startup.VersionLoggerListener.log 아키텍처:          amd64
17-Oct-2021 01:09:50.042 정보 [main] org.apache.catalina.startup.VersionLoggerListener.log 자바 홈:           C:\Program Files\Java\jdk1.8.0_281\jre
17-Oct-2021 01:09:50.044 정보 [main] org.apache.catalina.startup.VersionLoggerListener.log JVM 버전:          1.8.0_281-b09
17-Oct-2021 01:09:50.044 정보 [main] org.apache.catalina.startup.VersionLoggerListener.log JVM 벤더:          Oracle Corporation
17-Oct-2021 01:09:50.044 정보 [main] org.apache.catalina.startup.VersionLoggerListener.log CATALINA_BASE:     C:\Users\김디디\Desktop\JavaCourse\utility\apache-tomcat-9.0.54
17-Oct-2021 01:09:50.045 정보 [main] org.apache.catalina.startup.VersionLoggerListener.log CATALINA_HOME:     C:\Users\김디디\Desktop\JavaCourse\utility\apache-tomcat-9.0.54
17-Oct-2021 01:09:50.047 정보 [main] org.apache.catalina.startup.VersionLoggerListener.log 명령 행 아규먼트:  -Djava.util.logging.config.file=C:\Users\김디디\Desktop\JavaCourse\utility\apache-tomcat-9.0.54\conf\logging.properties
17-Oct-2021 01:09:50.049 정보 [main] org.apache.catalina.startup.VersionLoggerListener.log 명령 행 아규먼트:  -Djava.util.logging.manager=org.apache.juli.ClassLoaderLogManager
17-Oct-2021 01:09:50.050 정보 [main] org.apache.catalina.startup.VersionLoggerListener.log 명령 행 아규먼트:  -Djdk.tls.ephemeralDHKeySize=2048
17-Oct-2021 01:09:50.053 정보 [main] org.apache.catalina.startup.VersionLoggerListener.log 명령 행 아규먼트:  -Djava.protocol.handler.pkgs=org.apache.catalina.webresources
17-Oct-2021 01:09:50.055 정보 [main] org.apache.catalina.startup.VersionLoggerListener.log 명령 행 아규먼트:  -Dignore.endorsed.dirs=
17-Oct-2021 01:09:50.056 정보 [main] org.apache.catalina.startup.VersionLoggerListener.log 명령 행 아규먼트:  -Dcatalina.base=C:\Users\김디디\Desktop\JavaCourse\utility\apache-tomcat-9.0.54
17-Oct-2021 01:09:50.057 정보 [main] org.apache.catalina.startup.VersionLoggerListener.log 명령 행 아규먼트:  -Dcatalina.home=C:\Users\김디디\Desktop\JavaCourse\utility\apache-tomcat-9.0.54
17-Oct-2021 01:09:50.064 정보 [main] org.apache.catalina.startup.VersionLoggerListener.log 명령 행 아규먼트:  -Djava.io.tmpdir=C:\Users\김디디\Desktop\JavaCourse\utility\apache-tomcat-9.0.54\temp
17-Oct-2021 01:09:50.075 정보 [main] org.apache.catalina.core.AprLifecycleListener.lifecycleEvent APR 버전 [1.7.0]을(를) 사용한, APR 기반 Apache Tomcat Native 라이브러리 [1.2.31]을(를) 로드했습니다.
17-Oct-2021 01:09:50.076 정보 [main] org.apache.catalina.core.AprLifecycleListener.lifecycleEvent APR 용량정보들: IPv6 [true], sendfile [true], accept filters [false], random [true], UDS [true].
17-Oct-2021 01:09:50.078 정보 [main] org.apache.catalina.core.AprLifecycleListener.lifecycleEvent APR/OpenSSL 설정: useAprConnector [false], useOpenSSL [true]
17-Oct-2021 01:09:50.104 정보 [main] org.apache.catalina.core.AprLifecycleListener.initializeSSL OpenSSL이 성공적으로 초기화되었습니다: [OpenSSL 1.1.1l  24 Aug 2021]
17-Oct-2021 01:09:50.530 정보 [main] org.apache.coyote.AbstractProtocol.init 프로토콜 핸들러 ["http-nio-9090"]을(를) 초기화합니다.
17-Oct-2021 01:09:50.564 정보 [main] org.apache.catalina.startup.Catalina.load [772] 밀리초 내에 서버가 초기화되었습니다.
17-Oct-2021 01:09:50.599 정보 [main] org.apache.catalina.core.StandardService.startInternal 서비스 [Catalina]을(를) 시작합니다.
17-Oct-2021 01:09:50.602 정보 [main] org.apache.catalina.core.StandardEngine.startInternal 서버 엔진을 시작합니다: [Apache Tomcat/9.0.54]
17-Oct-2021 01:09:50.613 정보 [main] org.apache.catalina.startup.HostConfig.deployDirectory 웹 애플리케이션 디렉토리 [C:\Users\김디디\Desktop\JavaCourse\utility\apache-tomcat-9.0.54\webapps\docs]을(를) 배치합니다.
17-Oct-2021 01:09:51.002 경고 [main] org.apache.catalina.util.SessionIdGeneratorBase.createSecureRandom [SHA1PRNG] 알고리즘을 사용하여, 세션 ID를 생성하기 위한 SecureRandom 객체를 생성하는데, [156] 밀리초가 소요됐습니다.
17-Oct-2021 01:09:51.033 정보 [main] org.apache.catalina.startup.HostConfig.deployDirectory 웹 애플리케이션 디렉토리 [C:\Users\김디디\Desktop\JavaCourse\utility\apache-tomcat-9.0.54\webapps\docs]에 대한 배치가 [420] 밀리초에 완료되었습니다.
17-Oct-2021 01:09:51.036 정보 [main] org.apache.catalina.startup.HostConfig.deployDirectory 웹 애플리케이션 디렉토리 [C:\Users\김디디\Desktop\JavaCourse\utility\apache-tomcat-9.0.54\webapps\examples]을(를) 배치합니다.
17-Oct-2021 01:09:51.542 정보 [main] org.apache.catalina.startup.HostConfig.deployDirectory 웹 애플리케이션 디렉토리 [C:\Users\김디디\Desktop\JavaCourse\utility\apache-tomcat-9.0.54\webapps\examples]에 대한 배치가 [506] 밀리초에 완료되었습니다.
17-Oct-2021 01:09:51.546 정보 [main] org.apache.catalina.startup.HostConfig.deployDirectory 웹 애플리케이션 디렉토리 [C:\Users\김디디\Desktop\JavaCourse\utility\apache-tomcat-9.0.54\webapps\host-manager]을(를) 배치합니다.
17-Oct-2021 01:09:51.586 정보 [main] org.apache.catalina.startup.HostConfig.deployDirectory 웹 애플리케이션 디렉토리 [C:\Users\김디디\Desktop\JavaCourse\utility\apache-tomcat-9.0.54\webapps\host-manager]에 대한 배치가 [40] 밀리초에 완료되었습니다.
17-Oct-2021 01:09:51.589 정보 [main] org.apache.catalina.startup.HostConfig.deployDirectory 웹 애플리케이션 디렉토리 [C:\Users\김디디\Desktop\JavaCourse\utility\apache-tomcat-9.0.54\webapps\manager]을(를) 배치합니다.
17-Oct-2021 01:09:51.625 정보 [main] org.apache.catalina.startup.HostConfig.deployDirectory 웹 애플리케이션 디렉토리 [C:\Users\김디디\Desktop\JavaCourse\utility\apache-tomcat-9.0.54\webapps\manager]에 대한 배치가 [36] 밀리초에 완료되었습니다.
17-Oct-2021 01:09:51.627 정보 [main] org.apache.catalina.startup.HostConfig.deployDirectory 웹 애플리케이션 디렉토리 [C:\Users\김디디\Desktop\JavaCourse\utility\apache-tomcat-9.0.54\webapps\ROOT]을(를) 배치합니다.
17-Oct-2021 01:09:51.657 정보 [main] org.apache.catalina.startup.HostConfig.deployDirectory 웹 애플리케이션 디렉토리 [C:\Users\김디디\Desktop\JavaCourse\utility\apache-tomcat-9.0.54\webapps\ROOT]에 대한 배치가 [30] 밀리초에 완료되었습니다.
17-Oct-2021 01:09:51.662 정보 [main] org.apache.coyote.AbstractProtocol.start 프로토콜 핸들러 ["http-nio-9090"]을(를) 시작합니다.
17-Oct-2021 01:09:51.683 정보 [main] org.apache.catalina.startup.Catalina.start 서버가 [1117] 밀리초 내에 시작되었습니다.
17-Oct-2021 02:12:22.235 정보 [main] org.apache.catalina.core.StandardServer.await 셧다운 포트를 통해 유효한 셧다운 명령을 받았습니다. 서버 인스턴스를 중지시킵니다.
17-Oct-2021 02:12:22.237 정보 [main] org.apache.coyote.AbstractProtocol.pause 프로토콜 핸들러 ["http-nio-9090"]을(를) 일시 정지 중
17-Oct-2021 02:12:22.377 정보 [main] org.apache.catalina.core.StandardService.stopInternal 서비스 [Catalina]을(를) 중지시킵니다.
17-Oct-2021 02:12:22.402 정보 [main] org.apache.coyote.AbstractProtocol.stop 프로토콜 핸들러 ["http-nio-9090"]을(를) 중지시킵니다.
17-Oct-2021 02:12:22.435 정보 [main] org.apache.coyote.AbstractProtocol.destroy 프로토콜 핸들러 ["http-nio-9090"]을(를) 소멸시킵니다.
